<?xml version="1.0" encoding="UTF-8"?>
<!-- Generated by org.testng.reporters.JUnitReportReporter -->
<testsuite hostname="INBANLSU0321" failures="0" tests="4" name="com.api.pages.DynamicJson" time="2.587" errors="0" timestamp="2021-09-07T07:51:34 IST" skipped="1">
  <testcase classname="com.api.pages.DynamicJson" name="deletebook" time="0.299"/>
  <testcase classname="com.api.pages.DynamicJson" name="deletebook" time="0.211"/>
  <testcase classname="com.api.pages.DynamicJson" name="deletebook" time="2.077"/>
  <testcase classname="com.api.pages.DynamicJson" name="addBook">
    <skipped/>
  </testcase> <!-- addBook -->
</testsuite> <!-- com.api.pages.DynamicJson -->
