<?xml version="1.0" encoding="UTF-8"?>
<!-- Generated by org.testng.reporters.JUnitReportReporter -->
<testsuite hostname="INBANLSU0321" failures="0" tests="1" name="com.api.pages.DynamicJson1" time="3.763" errors="0" timestamp="2021-09-07T07:49:52 IST" skipped="0">
  <testcase classname="com.api.pages.DynamicJson1" name="addBook" time="3.763"/>
</testsuite> <!-- com.api.pages.DynamicJson1 -->
