<?xml version="1.0" encoding="UTF-8"?>
<!-- Generated by org.testng.reporters.JUnitReportReporter -->
<testsuite hostname="INBANLSU0321" failures="0" tests="1" name="com.api.pages.SumValidation" time="1.502" errors="0" timestamp="2021-08-22T22:02:27 IST" skipped="0">
  <testcase classname="com.api.pages.SumValidation" name="sumOfCourses" time="1.502"/>
</testsuite> <!-- com.api.pages.SumValidation -->
